<?xml version="1.0" encoding="UTF-8"?>
<!-- Generated by org.testng.reporters.JUnitXMLReporter -->
<testsuite hostname="fv-az56-348" ignored="0" name="Create Blog tests" tests="3" failures="0" timestamp="2021-08-25T10:49:59 UTC" time="13.031" errors="0">
  <testcase name="createBlogLeavingBlankField" time="3.187" classname="testCases.CreateBlogTests"/>
  <testcase name="createBlogSuccess" time="7.41" classname="testCases.CreateBlogTests"/>
  <testcase name="createBlogUrlAlreadyTaken" time="2.262" classname="testCases.CreateBlogTests"/>
</testsuite> <!-- Create Blog tests -->
