<?xml version="1.0" encoding="UTF-8"?>
<!-- Generated by org.testng.reporters.JUnitXMLReporter -->
<testsuite hostname="fv-az34-479" ignored="0" name="Create Blog tests" tests="3" failures="0" timestamp="2021-08-25T10:54:21 UTC" time="10.415" errors="0">
  <testcase name="createBlogLeavingBlankField" time="2.199" classname="testCases.CreateBlogTests"/>
  <testcase name="createBlogSuccess" time="6.241" classname="testCases.CreateBlogTests"/>
  <testcase name="createBlogUrlAlreadyTaken" time="1.809" classname="testCases.CreateBlogTests"/>
</testsuite> <!-- Create Blog tests -->
