<?xml version="1.0" encoding="UTF-8"?>
<!-- Generated by org.testng.reporters.JUnitXMLReporter -->
<testsuite ignored="0" hostname="DESKTOP-MCPG6KU" failures="0" tests="2" name="Delete Blog tests" time="21.949" errors="0" timestamp="2021-08-23T18:55:34 CEST">
  <testcase classname="testCases.DeleteBlogTests" name="deleteBlog_CheckIfBlog_s_PageDeleted" time="6.228"/>
  <testcase classname="testCases.DeleteBlogTests" name="deleteBlog_CheckIfVanishedFromAdminPage" time="15.675"/>
</testsuite> <!-- Delete Blog tests -->
