<?xml version="1.0" encoding="UTF-8"?>
<!-- Generated by org.testng.reporters.JUnitXMLReporter -->
<testsuite hostname="fv-az56-348" ignored="0" name="Delete Blog tests" tests="2" failures="0" timestamp="2021-08-25T10:50:46 UTC" time="22.22" errors="0">
  <testcase name="deleteBlog_CheckIfBlog_s_PageDeleted" time="6.2" classname="testCases.DeleteBlogTests"/>
  <testcase name="deleteBlog_CheckIfVanishedFromAdminPage" time="15.921" classname="testCases.DeleteBlogTests"/>
</testsuite> <!-- Delete Blog tests -->
