<?xml version="1.0" encoding="UTF-8"?>
<!-- Generated by org.testng.reporters.JUnitXMLReporter -->
<testsuite hostname="fv-az56-348" ignored="0" name="Edit Blog tests" tests="3" failures="0" timestamp="2021-08-25T10:50:23 UTC" time="24.011" errors="0">
  <testcase name="editBlogSuccess" time="11.289" classname="testCases.EditBlogTests"/>
  <testcase name="editBlogUnSuccessBlankField" time="6.19" classname="testCases.EditBlogTests"/>
  <testcase name="editBlogUnSuccessTakenUrl" time="6.422" classname="testCases.EditBlogTests"/>
</testsuite> <!-- Edit Blog tests -->
