<?xml version="1.0" encoding="UTF-8"?>
<!-- Generated by org.testng.reporters.JUnitXMLReporter -->
<testsuite hostname="fv-az34-479" ignored="0" name="Edit Blog tests" tests="3" failures="0" timestamp="2021-08-25T10:54:42 UTC" time="20.749" errors="0">
  <testcase name="editBlogSuccess" time="9.704" classname="testCases.EditBlogTests"/>
  <testcase name="editBlogUnSuccessBlankField" time="5.409" classname="testCases.EditBlogTests"/>
  <testcase name="editBlogUnSuccessTakenUrl" time="5.531" classname="testCases.EditBlogTests"/>
</testsuite> <!-- Edit Blog tests -->
