<?xml version="1.0" encoding="UTF-8"?>
<!-- Generated by org.testng.reporters.JUnitXMLReporter -->
<testsuite ignored="0" hostname="DESKTOP-MCPG6KU" failures="0" tests="4" name="Login tests" time="5.008" errors="0" timestamp="2021-08-23T18:54:39 CEST">
  <testcase classname="testCases.LoginTests" name="successfulLogin" time="2.033"/>
  <testcase classname="testCases.LoginTests" name="successfulLogin" time="1.891"/>
  <testcase classname="testCases.LoginTests" name="unsuccessfulLogin" time="0.378"/>
  <testcase classname="testCases.LoginTests" name="unsuccessfulLogin" time="0.346"/>
</testsuite> <!-- Login tests -->
