<?xml version="1.0" encoding="UTF-8"?>
<!-- Generated by org.testng.reporters.JUnitXMLReporter -->
<testsuite hostname="fv-az34-479" ignored="0" name="Login tests" tests="4" failures="0" timestamp="2021-08-25T10:54:11 UTC" time="3.574" errors="0">
  <testcase name="successfulLogin" time="1.523" classname="testCases.LoginTests"/>
  <testcase name="successfulLogin" time="0.702" classname="testCases.LoginTests"/>
  <testcase name="unsuccessfulLogin" time="0.366" classname="testCases.LoginTests"/>
  <testcase name="unsuccessfulLogin" time="0.361" classname="testCases.LoginTests"/>
</testsuite> <!-- Login tests -->
