<?xml version="1.0" encoding="UTF-8"?>
<!-- Generated by org.testng.reporters.JUnitXMLReporter -->
<testsuite hostname="fv-az34-479" ignored="0" name="Registration tests" tests="3" failures="0" timestamp="2021-08-25T10:55:13 UTC" time="5.468" errors="0">
  <testcase name="registerSuccess" time="2.095" classname="testCases.RegistrationTests"/>
  <testcase name="registerSuccess" time="1.936" classname="testCases.RegistrationTests"/>
  <testcase name="registerUnsuccess" time="1.337" classname="testCases.RegistrationTests"/>
</testsuite> <!-- Registration tests -->
