<?xml version="1.0" encoding="UTF-8"?>
<!-- Generated by org.testng.reporters.JUnitXMLReporter -->
<testsuite ignored="0" hostname="DESKTOP-MCPG6KU" failures="0" tests="3" name="Registration tests" time="6.249" errors="0" timestamp="2021-08-23T18:55:46 CEST">
  <testcase classname="testCases.RegistrationTests" name="registerSuccess" time="2.312"/>
  <testcase classname="testCases.RegistrationTests" name="registerSuccess" time="2.23"/>
  <testcase classname="testCases.RegistrationTests" name="registerUnsuccess" time="1.635"/>
</testsuite> <!-- Registration tests -->
