<?xml version="1.0" encoding="UTF-8"?>
<testng-results skipped="0" failed="0" ignored="0" total="20" passed="20">
  <reporter-output>
  </reporter-output>
  <suite name="Functional tests" duration-ms="67411" started-at="2021-08-25T10:54:07 UTC" finished-at="2021-08-25T10:55:15 UTC">
    <groups>
    </groups>
    <test name="Login tests" duration-ms="3574" started-at="2021-08-25T10:54:07 UTC" finished-at="2021-08-25T10:54:11 UTC">
      <class name="testCases.LoginTests">
        <test-method status="PASS" signature="successfulLogin(java.lang.String,java.lang.String,java.lang.String)[pri:0, instance:testCases.LoginTests@2f953efd]" name="successfulLogin" duration-ms="1523" started-at="2021-08-25T10:54:07 UTC" data-provider="dataProvider" finished-at="2021-08-25T10:54:09 UTC">
          <params>
            <param index="0">
              <value>
                <![CDATA[admin]]>
              </value>
            </param>
            <param index="1">
              <value>
                <![CDATA[fradi1899]]>
              </value>
            </param>
            <param index="2">
              <value>
                <![CDATA[true]]>
              </value>
            </param>
          </params>
          <reporter-output>
          </reporter-output>
        </test-method> <!-- successfulLogin -->
        <test-method status="PASS" signature="successfulLogin(java.lang.String,java.lang.String,java.lang.String)[pri:0, instance:testCases.LoginTests@2f953efd]" name="successfulLogin" duration-ms="702" started-at="2021-08-25T10:54:09 UTC" data-provider="dataProvider" finished-at="2021-08-25T10:54:10 UTC">
          <params>
            <param index="0">
              <value>
                <![CDATA[admin]]>
              </value>
            </param>
            <param index="1">
              <value>
                <![CDATA[fradi1899]]>
              </value>
            </param>
            <param index="2">
              <value>
                <![CDATA[true]]>
              </value>
            </param>
          </params>
          <reporter-output>
          </reporter-output>
        </test-method> <!-- successfulLogin -->
        <test-method status="PASS" signature="unsuccessfulLogin(java.lang.String,java.lang.String,java.lang.String)[pri:0, instance:testCases.LoginTests@2f953efd]" name="unsuccessfulLogin" duration-ms="366" started-at="2021-08-25T10:54:10 UTC" data-provider="dataProvider" finished-at="2021-08-25T10:54:10 UTC">
          <params>
            <param index="0">
              <value>
                <![CDATA[admin]]>
              </value>
            </param>
            <param index="1">
              <value>
                <![CDATA[fradi1900]]>
              </value>
            </param>
            <param index="2">
              <value>
                <![CDATA[false]]>
              </value>
            </param>
          </params>
          <reporter-output>
          </reporter-output>
        </test-method> <!-- unsuccessfulLogin -->
        <test-method status="PASS" signature="unsuccessfulLogin(java.lang.String,java.lang.String,java.lang.String)[pri:0, instance:testCases.LoginTests@2f953efd]" name="unsuccessfulLogin" duration-ms="361" started-at="2021-08-25T10:54:10 UTC" data-provider="dataProvider" finished-at="2021-08-25T10:54:11 UTC">
          <params>
            <param index="0">
              <value>
                <![CDATA[balazs@hotmail.hu]]>
              </value>
            </param>
            <param index="1">
              <value>
                <![CDATA[fradi1899]]>
              </value>
            </param>
            <param index="2">
              <value>
                <![CDATA[false]]>
              </value>
            </param>
          </params>
          <reporter-output>
          </reporter-output>
        </test-method> <!-- unsuccessfulLogin -->
      </class> <!-- testCases.LoginTests -->
    </test> <!-- Login tests -->
    <test name="Create Blog tests" duration-ms="10415" started-at="2021-08-25T10:54:11 UTC" finished-at="2021-08-25T10:54:21 UTC">
      <class name="testCases.CreateBlogTests">
        <test-method status="PASS" signature="createBlogLeavingBlankField(java.lang.String,java.lang.String,java.lang.String,java.lang.String,java.lang.String)[pri:0, instance:testCases.CreateBlogTests@311bf055]" name="createBlogLeavingBlankField" duration-ms="2199" started-at="2021-08-25T10:54:11 UTC" data-provider="dataProvider" finished-at="2021-08-25T10:54:13 UTC">
          <params>
            <param index="0">
              <value>
                <![CDATA[BlogTest]]>
              </value>
            </param>
            <param index="1">
              <value>
                <![CDATA[]]>
              </value>
            </param>
            <param index="2">
              <value>
                <![CDATA[this-is-just-a-test-again]]>
              </value>
            </param>
            <param index="3">
              <value>
                <![CDATA[\src\test\resources\testfiles\halo360.jpg]]>
              </value>
            </param>
            <param index="4">
              <value>
                <![CDATA[This is just a test with a little bit more text.]]>
              </value>
            </param>
          </params>
          <reporter-output>
          </reporter-output>
        </test-method> <!-- createBlogLeavingBlankField -->
        <test-method status="PASS" signature="createBlogSuccess(java.lang.String,java.lang.String,java.lang.String,java.lang.String,java.lang.String)[pri:0, instance:testCases.CreateBlogTests@311bf055]" name="createBlogSuccess" duration-ms="6241" started-at="2021-08-25T10:54:13 UTC" data-provider="dataProvider" finished-at="2021-08-25T10:54:19 UTC">
          <params>
            <param index="0">
              <value>
                <![CDATA[BlogTest]]>
              </value>
            </param>
            <param index="1">
              <value>
                <![CDATA[This is just a test]]>
              </value>
            </param>
            <param index="2">
              <value>
                <![CDATA[this-is-just-a-test]]>
              </value>
            </param>
            <param index="3">
              <value>
                <![CDATA[\src\test\resources\testfiles\halo360.jpg]]>
              </value>
            </param>
            <param index="4">
              <value>
                <![CDATA[This is just a test with a little bit more text.]]>
              </value>
            </param>
          </params>
          <reporter-output>
          </reporter-output>
        </test-method> <!-- createBlogSuccess -->
        <test-method status="PASS" signature="createBlogUrlAlreadyTaken(java.lang.String,java.lang.String,java.lang.String,java.lang.String,java.lang.String)[pri:0, instance:testCases.CreateBlogTests@311bf055]" name="createBlogUrlAlreadyTaken" duration-ms="1809" started-at="2021-08-25T10:54:19 UTC" data-provider="dataProvider" finished-at="2021-08-25T10:54:21 UTC">
          <params>
            <param index="0">
              <value>
                <![CDATA[BlogTest]]>
              </value>
            </param>
            <param index="1">
              <value>
                <![CDATA[This is just a test]]>
              </value>
            </param>
            <param index="2">
              <value>
                <![CDATA[lakasfelujitas-tippek]]>
              </value>
            </param>
            <param index="3">
              <value>
                <![CDATA[\src\test\resources\testfiles\halo360.jpg]]>
              </value>
            </param>
            <param index="4">
              <value>
                <![CDATA[This is just a test with a little bit more text.]]>
              </value>
            </param>
          </params>
          <reporter-output>
          </reporter-output>
        </test-method> <!-- createBlogUrlAlreadyTaken -->
      </class> <!-- testCases.CreateBlogTests -->
    </test> <!-- Create Blog tests -->
    <test name="Edit Blog tests" duration-ms="20749" started-at="2021-08-25T10:54:21 UTC" finished-at="2021-08-25T10:54:42 UTC">
      <class name="testCases.EditBlogTests">
        <test-method status="PASS" signature="editBlogSuccess(java.lang.String)[pri:0, instance:testCases.EditBlogTests@448c8166]" name="editBlogSuccess" duration-ms="9704" started-at="2021-08-25T10:54:21 UTC" data-provider="dataProvider" finished-at="2021-08-25T10:54:31 UTC">
          <params>
            <param index="0">
              <value>
                <![CDATA[edited-url]]>
              </value>
            </param>
          </params>
          <reporter-output>
          </reporter-output>
        </test-method> <!-- editBlogSuccess -->
        <test-method status="PASS" signature="editBlogUnSuccessBlankField()[pri:0, instance:testCases.EditBlogTests@448c8166]" name="editBlogUnSuccessBlankField" duration-ms="5409" started-at="2021-08-25T10:54:31 UTC" finished-at="2021-08-25T10:54:36 UTC">
          <reporter-output>
          </reporter-output>
        </test-method> <!-- editBlogUnSuccessBlankField -->
        <test-method status="PASS" signature="editBlogUnSuccessTakenUrl(java.lang.String)[pri:0, instance:testCases.EditBlogTests@448c8166]" name="editBlogUnSuccessTakenUrl" duration-ms="5531" started-at="2021-08-25T10:54:36 UTC" data-provider="dataProvider" finished-at="2021-08-25T10:54:42 UTC">
          <params>
            <param index="0">
              <value>
                <![CDATA[lakasfelujitas-tippek]]>
              </value>
            </param>
          </params>
          <reporter-output>
          </reporter-output>
        </test-method> <!-- editBlogUnSuccessTakenUrl -->
      </class> <!-- testCases.EditBlogTests -->
    </test> <!-- Edit Blog tests -->
    <test name="Delete Blog tests" duration-ms="20665" started-at="2021-08-25T10:54:42 UTC" finished-at="2021-08-25T10:55:03 UTC">
      <class name="testCases.DeleteBlogTests">
        <test-method status="PASS" signature="deleteBlog_CheckIfBlog_s_PageDeleted()[pri:0, instance:testCases.DeleteBlogTests@13526e59]" name="deleteBlog_CheckIfBlog_s_PageDeleted" duration-ms="5423" started-at="2021-08-25T10:54:42 UTC" finished-at="2021-08-25T10:54:47 UTC">
          <reporter-output>
          </reporter-output>
        </test-method> <!-- deleteBlog_CheckIfBlog_s_PageDeleted -->
        <test-method status="PASS" signature="deleteBlog_CheckIfVanishedFromAdminPage()[pri:0, instance:testCases.DeleteBlogTests@13526e59]" name="deleteBlog_CheckIfVanishedFromAdminPage" duration-ms="15165" started-at="2021-08-25T10:54:47 UTC" finished-at="2021-08-25T10:55:03 UTC">
          <reporter-output>
          </reporter-output>
        </test-method> <!-- deleteBlog_CheckIfVanishedFromAdminPage -->
      </class> <!-- testCases.DeleteBlogTests -->
    </test> <!-- Delete Blog tests -->
    <test name="Logout tests" duration-ms="1655" started-at="2021-08-25T10:55:03 UTC" finished-at="2021-08-25T10:55:04 UTC">
      <class name="testCases.LogoutTests">
        <test-method status="PASS" signature="afterLogoutTryGoBackToPreviusPage()[pri:0, instance:testCases.LogoutTests@36804139]" name="afterLogoutTryGoBackToPreviusPage" duration-ms="793" started-at="2021-08-25T10:55:03 UTC" finished-at="2021-08-25T10:55:03 UTC">
          <reporter-output>
          </reporter-output>
        </test-method> <!-- afterLogoutTryGoBackToPreviusPage -->
        <test-method status="PASS" signature="logOut()[pri:0, instance:testCases.LogoutTests@36804139]" name="logOut" duration-ms="801" started-at="2021-08-25T10:55:03 UTC" finished-at="2021-08-25T10:55:04 UTC">
          <reporter-output>
          </reporter-output>
        </test-method> <!-- logOut -->
      </class> <!-- testCases.LogoutTests -->
    </test> <!-- Logout tests -->
    <test name="Data listing tests" duration-ms="3236" started-at="2021-08-25T10:55:04 UTC" finished-at="2021-08-25T10:55:07 UTC">
      <class name="testCases.ListRegisteredUsersTests">
        <test-method status="PASS" signature="listUsers(java.util.List)[pri:0, instance:testCases.ListRegisteredUsersTests@5c86dbc5]" name="listUsers" duration-ms="1394" started-at="2021-08-25T10:55:04 UTC" data-provider="dataProviderList" finished-at="2021-08-25T10:55:06 UTC">
          <params>
            <param index="0">
              <value>
                <![CDATA[[admin, asd, qwer, qwert, qwerfgh, bala7777, adminImre, valaki, tesztuser, fradi1899]]]>
              </value>
            </param>
          </params>
          <reporter-output>
          </reporter-output>
        </test-method> <!-- listUsers -->
        <test-method status="PASS" signature="traversingList(java.util.List)[pri:0, instance:testCases.ListRegisteredUsersTests@5c86dbc5]" name="traversingList" duration-ms="1766" started-at="2021-08-25T10:55:06 UTC" data-provider="dataProviderList" finished-at="2021-08-25T10:55:07 UTC">
          <params>
            <param index="0">
              <value>
                <![CDATA[[admin, asd, qwer, qwert, qwerfgh, bala7777, adminImre, valaki, tesztuser, fradi1899, valaki2, admin123, usertest, vizsgremekhez, codecool, selenium, dio, rainbow, lol, best345, lay23, theBest123, fm19, java16, more, moremore, bala, testtest, rob123, mike99, papa88, mama67, valamiuser]]]>
              </value>
            </param>
          </params>
          <reporter-output>
          </reporter-output>
        </test-method> <!-- traversingList -->
      </class> <!-- testCases.ListRegisteredUsersTests -->
    </test> <!-- Data listing tests -->
    <test name="Registration tests" duration-ms="5468" started-at="2021-08-25T10:55:07 UTC" finished-at="2021-08-25T10:55:13 UTC">
      <class name="testCases.RegistrationTests">
        <test-method status="PASS" signature="registerSuccess(java.lang.String,java.lang.String)[pri:0, instance:testCases.RegistrationTests@60db1c0e]" name="registerSuccess" duration-ms="2095" started-at="2021-08-25T10:55:07 UTC" data-provider="dataProvider" finished-at="2021-08-25T10:55:10 UTC">
          <params>
            <param index="0">
              <value>
                <![CDATA[qwe]]>
              </value>
            </param>
            <param index="1">
              <value>
                <![CDATA[asdfg12345]]>
              </value>
            </param>
          </params>
          <reporter-output>
          </reporter-output>
        </test-method> <!-- registerSuccess -->
        <test-method status="PASS" signature="registerSuccess(java.lang.String,java.lang.String)[pri:0, instance:testCases.RegistrationTests@60db1c0e]" name="registerSuccess" duration-ms="1936" started-at="2021-08-25T10:55:10 UTC" data-provider="dataProvider" finished-at="2021-08-25T10:55:12 UTC">
          <params>
            <param index="0">
              <value>
                <![CDATA[dfgh]]>
              </value>
            </param>
            <param index="1">
              <value>
                <![CDATA[dfgh93728]]>
              </value>
            </param>
          </params>
          <reporter-output>
          </reporter-output>
        </test-method> <!-- registerSuccess -->
        <test-method status="PASS" signature="registerUnsuccess(java.lang.String,java.lang.String)[pri:0, instance:testCases.RegistrationTests@60db1c0e]" name="registerUnsuccess" duration-ms="1337" started-at="2021-08-25T10:55:12 UTC" data-provider="dataProvider" finished-at="2021-08-25T10:55:13 UTC">
          <params>
            <param index="0">
              <value>
                <![CDATA[admin]]>
              </value>
            </param>
            <param index="1">
              <value>
                <![CDATA[gkjdfgkj1234]]>
              </value>
            </param>
          </params>
          <reporter-output>
          </reporter-output>
        </test-method> <!-- registerUnsuccess -->
      </class> <!-- testCases.RegistrationTests -->
    </test> <!-- Registration tests -->
    <test name="Privacy policy tests" duration-ms="1621" started-at="2021-08-25T10:55:13 UTC" finished-at="2021-08-25T10:55:15 UTC">
      <class name="testCases.PrivacyPolicyTests">
        <test-method status="PASS" signature="setUp()[pri:0, instance:testCases.PrivacyPolicyTests@2438dcd]" name="setUp" is-config="true" duration-ms="18417" started-at="2021-08-25T10:53:49 UTC" finished-at="2021-08-25T10:54:07 UTC">
          <reporter-output>
          </reporter-output>
        </test-method> <!-- setUp -->
        <test-method status="PASS" signature="validatePrivacyPolicyText()[pri:0, instance:testCases.PrivacyPolicyTests@2438dcd]" name="validatePrivacyPolicyText" duration-ms="1596" started-at="2021-08-25T10:55:13 UTC" finished-at="2021-08-25T10:55:15 UTC">
          <reporter-output>
          </reporter-output>
        </test-method> <!-- validatePrivacyPolicyText -->
        <test-method status="PASS" signature="tearDown()[pri:0, instance:testCases.PrivacyPolicyTests@2438dcd]" name="tearDown" is-config="true" duration-ms="620" started-at="2021-08-25T10:55:15 UTC" finished-at="2021-08-25T10:55:15 UTC">
          <reporter-output>
          </reporter-output>
        </test-method> <!-- tearDown -->
      </class> <!-- testCases.PrivacyPolicyTests -->
    </test> <!-- Privacy policy tests -->
  </suite> <!-- Functional tests -->
</testng-results>
