<?xml version="1.0" encoding="UTF-8"?>
<testng-results skipped="0" failed="0" ignored="0" total="20" passed="20">
  <reporter-output>
  </reporter-output>
  <suite name="Functional tests" duration-ms="79524" started-at="2021-08-25T10:49:42 UTC" finished-at="2021-08-25T10:51:01 UTC">
    <groups>
    </groups>
    <test name="Login tests" duration-ms="4767" started-at="2021-08-25T10:49:42 UTC" finished-at="2021-08-25T10:49:46 UTC">
      <class name="testCases.LoginTests">
        <test-method status="PASS" signature="successfulLogin(java.lang.String,java.lang.String,java.lang.String)[pri:0, instance:testCases.LoginTests@2f953efd]" name="successfulLogin" duration-ms="2130" started-at="2021-08-25T10:49:42 UTC" data-provider="dataProvider" finished-at="2021-08-25T10:49:44 UTC">
          <params>
            <param index="0">
              <value>
                <![CDATA[admin]]>
              </value>
            </param>
            <param index="1">
              <value>
                <![CDATA[fradi1899]]>
              </value>
            </param>
            <param index="2">
              <value>
                <![CDATA[true]]>
              </value>
            </param>
          </params>
          <reporter-output>
          </reporter-output>
        </test-method> <!-- successfulLogin -->
        <test-method status="PASS" signature="successfulLogin(java.lang.String,java.lang.String,java.lang.String)[pri:0, instance:testCases.LoginTests@2f953efd]" name="successfulLogin" duration-ms="1024" started-at="2021-08-25T10:49:44 UTC" data-provider="dataProvider" finished-at="2021-08-25T10:49:45 UTC">
          <params>
            <param index="0">
              <value>
                <![CDATA[admin]]>
              </value>
            </param>
            <param index="1">
              <value>
                <![CDATA[fradi1899]]>
              </value>
            </param>
            <param index="2">
              <value>
                <![CDATA[true]]>
              </value>
            </param>
          </params>
          <reporter-output>
          </reporter-output>
        </test-method> <!-- successfulLogin -->
        <test-method status="PASS" signature="unsuccessfulLogin(java.lang.String,java.lang.String,java.lang.String)[pri:0, instance:testCases.LoginTests@2f953efd]" name="unsuccessfulLogin" duration-ms="600" started-at="2021-08-25T10:49:45 UTC" data-provider="dataProvider" finished-at="2021-08-25T10:49:46 UTC">
          <params>
            <param index="0">
              <value>
                <![CDATA[admin]]>
              </value>
            </param>
            <param index="1">
              <value>
                <![CDATA[fradi1900]]>
              </value>
            </param>
            <param index="2">
              <value>
                <![CDATA[false]]>
              </value>
            </param>
          </params>
          <reporter-output>
          </reporter-output>
        </test-method> <!-- unsuccessfulLogin -->
        <test-method status="PASS" signature="unsuccessfulLogin(java.lang.String,java.lang.String,java.lang.String)[pri:0, instance:testCases.LoginTests@2f953efd]" name="unsuccessfulLogin" duration-ms="442" started-at="2021-08-25T10:49:46 UTC" data-provider="dataProvider" finished-at="2021-08-25T10:49:46 UTC">
          <params>
            <param index="0">
              <value>
                <![CDATA[balazs@hotmail.hu]]>
              </value>
            </param>
            <param index="1">
              <value>
                <![CDATA[fradi1899]]>
              </value>
            </param>
            <param index="2">
              <value>
                <![CDATA[false]]>
              </value>
            </param>
          </params>
          <reporter-output>
          </reporter-output>
        </test-method> <!-- unsuccessfulLogin -->
      </class> <!-- testCases.LoginTests -->
    </test> <!-- Login tests -->
    <test name="Create Blog tests" duration-ms="13031" started-at="2021-08-25T10:49:46 UTC" finished-at="2021-08-25T10:49:59 UTC">
      <class name="testCases.CreateBlogTests">
        <test-method status="PASS" signature="createBlogLeavingBlankField(java.lang.String,java.lang.String,java.lang.String,java.lang.String,java.lang.String)[pri:0, instance:testCases.CreateBlogTests@311bf055]" name="createBlogLeavingBlankField" duration-ms="3187" started-at="2021-08-25T10:49:46 UTC" data-provider="dataProvider" finished-at="2021-08-25T10:49:49 UTC">
          <params>
            <param index="0">
              <value>
                <![CDATA[BlogTest]]>
              </value>
            </param>
            <param index="1">
              <value>
                <![CDATA[]]>
              </value>
            </param>
            <param index="2">
              <value>
                <![CDATA[this-is-just-a-test-again]]>
              </value>
            </param>
            <param index="3">
              <value>
                <![CDATA[\src\test\resources\testfiles\halo360.jpg]]>
              </value>
            </param>
            <param index="4">
              <value>
                <![CDATA[This is just a test with a little bit more text.]]>
              </value>
            </param>
          </params>
          <reporter-output>
          </reporter-output>
        </test-method> <!-- createBlogLeavingBlankField -->
        <test-method status="PASS" signature="createBlogSuccess(java.lang.String,java.lang.String,java.lang.String,java.lang.String,java.lang.String)[pri:0, instance:testCases.CreateBlogTests@311bf055]" name="createBlogSuccess" duration-ms="7410" started-at="2021-08-25T10:49:50 UTC" data-provider="dataProvider" finished-at="2021-08-25T10:49:57 UTC">
          <params>
            <param index="0">
              <value>
                <![CDATA[BlogTest]]>
              </value>
            </param>
            <param index="1">
              <value>
                <![CDATA[This is just a test]]>
              </value>
            </param>
            <param index="2">
              <value>
                <![CDATA[this-is-just-a-test]]>
              </value>
            </param>
            <param index="3">
              <value>
                <![CDATA[\src\test\resources\testfiles\halo360.jpg]]>
              </value>
            </param>
            <param index="4">
              <value>
                <![CDATA[This is just a test with a little bit more text.]]>
              </value>
            </param>
          </params>
          <reporter-output>
          </reporter-output>
        </test-method> <!-- createBlogSuccess -->
        <test-method status="PASS" signature="createBlogUrlAlreadyTaken(java.lang.String,java.lang.String,java.lang.String,java.lang.String,java.lang.String)[pri:0, instance:testCases.CreateBlogTests@311bf055]" name="createBlogUrlAlreadyTaken" duration-ms="2262" started-at="2021-08-25T10:49:57 UTC" data-provider="dataProvider" finished-at="2021-08-25T10:49:59 UTC">
          <params>
            <param index="0">
              <value>
                <![CDATA[BlogTest]]>
              </value>
            </param>
            <param index="1">
              <value>
                <![CDATA[This is just a test]]>
              </value>
            </param>
            <param index="2">
              <value>
                <![CDATA[lakasfelujitas-tippek]]>
              </value>
            </param>
            <param index="3">
              <value>
                <![CDATA[\src\test\resources\testfiles\halo360.jpg]]>
              </value>
            </param>
            <param index="4">
              <value>
                <![CDATA[This is just a test with a little bit more text.]]>
              </value>
            </param>
          </params>
          <reporter-output>
          </reporter-output>
        </test-method> <!-- createBlogUrlAlreadyTaken -->
      </class> <!-- testCases.CreateBlogTests -->
    </test> <!-- Create Blog tests -->
    <test name="Edit Blog tests" duration-ms="24011" started-at="2021-08-25T10:49:59 UTC" finished-at="2021-08-25T10:50:23 UTC">
      <class name="testCases.EditBlogTests">
        <test-method status="PASS" signature="editBlogSuccess(java.lang.String)[pri:0, instance:testCases.EditBlogTests@448c8166]" name="editBlogSuccess" duration-ms="11289" started-at="2021-08-25T10:49:59 UTC" data-provider="dataProvider" finished-at="2021-08-25T10:50:11 UTC">
          <params>
            <param index="0">
              <value>
                <![CDATA[edited-url]]>
              </value>
            </param>
          </params>
          <reporter-output>
          </reporter-output>
        </test-method> <!-- editBlogSuccess -->
        <test-method status="PASS" signature="editBlogUnSuccessBlankField()[pri:0, instance:testCases.EditBlogTests@448c8166]" name="editBlogUnSuccessBlankField" duration-ms="6190" started-at="2021-08-25T10:50:11 UTC" finished-at="2021-08-25T10:50:17 UTC">
          <reporter-output>
          </reporter-output>
        </test-method> <!-- editBlogUnSuccessBlankField -->
        <test-method status="PASS" signature="editBlogUnSuccessTakenUrl(java.lang.String)[pri:0, instance:testCases.EditBlogTests@448c8166]" name="editBlogUnSuccessTakenUrl" duration-ms="6422" started-at="2021-08-25T10:50:17 UTC" data-provider="dataProvider" finished-at="2021-08-25T10:50:23 UTC">
          <params>
            <param index="0">
              <value>
                <![CDATA[lakasfelujitas-tippek]]>
              </value>
            </param>
          </params>
          <reporter-output>
          </reporter-output>
        </test-method> <!-- editBlogUnSuccessTakenUrl -->
      </class> <!-- testCases.EditBlogTests -->
    </test> <!-- Edit Blog tests -->
    <test name="Delete Blog tests" duration-ms="22220" started-at="2021-08-25T10:50:23 UTC" finished-at="2021-08-25T10:50:46 UTC">
      <class name="testCases.DeleteBlogTests">
        <test-method status="PASS" signature="deleteBlog_CheckIfBlog_s_PageDeleted()[pri:0, instance:testCases.DeleteBlogTests@13526e59]" name="deleteBlog_CheckIfBlog_s_PageDeleted" duration-ms="6200" started-at="2021-08-25T10:50:23 UTC" finished-at="2021-08-25T10:50:30 UTC">
          <reporter-output>
          </reporter-output>
        </test-method> <!-- deleteBlog_CheckIfBlog_s_PageDeleted -->
        <test-method status="PASS" signature="deleteBlog_CheckIfVanishedFromAdminPage()[pri:0, instance:testCases.DeleteBlogTests@13526e59]" name="deleteBlog_CheckIfVanishedFromAdminPage" duration-ms="15921" started-at="2021-08-25T10:50:30 UTC" finished-at="2021-08-25T10:50:46 UTC">
          <reporter-output>
          </reporter-output>
        </test-method> <!-- deleteBlog_CheckIfVanishedFromAdminPage -->
      </class> <!-- testCases.DeleteBlogTests -->
    </test> <!-- Delete Blog tests -->
    <test name="Logout tests" duration-ms="2452" started-at="2021-08-25T10:50:46 UTC" finished-at="2021-08-25T10:50:48 UTC">
      <class name="testCases.LogoutTests">
        <test-method status="PASS" signature="afterLogoutTryGoBackToPreviusPage()[pri:0, instance:testCases.LogoutTests@36804139]" name="afterLogoutTryGoBackToPreviusPage" duration-ms="1256" started-at="2021-08-25T10:50:46 UTC" finished-at="2021-08-25T10:50:47 UTC">
          <reporter-output>
          </reporter-output>
        </test-method> <!-- afterLogoutTryGoBackToPreviusPage -->
        <test-method status="PASS" signature="logOut()[pri:0, instance:testCases.LogoutTests@36804139]" name="logOut" duration-ms="1116" started-at="2021-08-25T10:50:47 UTC" finished-at="2021-08-25T10:50:48 UTC">
          <reporter-output>
          </reporter-output>
        </test-method> <!-- logOut -->
      </class> <!-- testCases.LogoutTests -->
    </test> <!-- Logout tests -->
    <test name="Data listing tests" duration-ms="4138" started-at="2021-08-25T10:50:48 UTC" finished-at="2021-08-25T10:50:52 UTC">
      <class name="testCases.ListRegisteredUsersTests">
        <test-method status="PASS" signature="listUsers(java.util.List)[pri:0, instance:testCases.ListRegisteredUsersTests@5c86dbc5]" name="listUsers" duration-ms="1814" started-at="2021-08-25T10:50:48 UTC" data-provider="dataProviderList" finished-at="2021-08-25T10:50:50 UTC">
          <params>
            <param index="0">
              <value>
                <![CDATA[[admin, asd, qwer, qwert, qwerfgh, bala7777, adminImre, valaki, tesztuser, fradi1899]]]>
              </value>
            </param>
          </params>
          <reporter-output>
          </reporter-output>
        </test-method> <!-- listUsers -->
        <test-method status="PASS" signature="traversingList(java.util.List)[pri:0, instance:testCases.ListRegisteredUsersTests@5c86dbc5]" name="traversingList" duration-ms="2225" started-at="2021-08-25T10:50:50 UTC" data-provider="dataProviderList" finished-at="2021-08-25T10:50:52 UTC">
          <params>
            <param index="0">
              <value>
                <![CDATA[[admin, asd, qwer, qwert, qwerfgh, bala7777, adminImre, valaki, tesztuser, fradi1899, valaki2, admin123, usertest, vizsgremekhez, codecool, selenium, dio, rainbow, lol, best345, lay23, theBest123, fm19, java16, more, moremore, bala, testtest, rob123, mike99, papa88, mama67, valamiuser]]]>
              </value>
            </param>
          </params>
          <reporter-output>
          </reporter-output>
        </test-method> <!-- traversingList -->
      </class> <!-- testCases.ListRegisteredUsersTests -->
    </test> <!-- Data listing tests -->
    <test name="Registration tests" duration-ms="7124" started-at="2021-08-25T10:50:52 UTC" finished-at="2021-08-25T10:50:59 UTC">
      <class name="testCases.RegistrationTests">
        <test-method status="PASS" signature="registerSuccess(java.lang.String,java.lang.String)[pri:0, instance:testCases.RegistrationTests@60db1c0e]" name="registerSuccess" duration-ms="2559" started-at="2021-08-25T10:50:52 UTC" data-provider="dataProvider" finished-at="2021-08-25T10:50:55 UTC">
          <params>
            <param index="0">
              <value>
                <![CDATA[qwe]]>
              </value>
            </param>
            <param index="1">
              <value>
                <![CDATA[asdfg12345]]>
              </value>
            </param>
          </params>
          <reporter-output>
          </reporter-output>
        </test-method> <!-- registerSuccess -->
        <test-method status="PASS" signature="registerSuccess(java.lang.String,java.lang.String)[pri:0, instance:testCases.RegistrationTests@60db1c0e]" name="registerSuccess" duration-ms="2715" started-at="2021-08-25T10:50:55 UTC" data-provider="dataProvider" finished-at="2021-08-25T10:50:57 UTC">
          <params>
            <param index="0">
              <value>
                <![CDATA[dfgh]]>
              </value>
            </param>
            <param index="1">
              <value>
                <![CDATA[dfgh93728]]>
              </value>
            </param>
          </params>
          <reporter-output>
          </reporter-output>
        </test-method> <!-- registerSuccess -->
        <test-method status="PASS" signature="registerUnsuccess(java.lang.String,java.lang.String)[pri:0, instance:testCases.RegistrationTests@60db1c0e]" name="registerUnsuccess" duration-ms="1735" started-at="2021-08-25T10:50:58 UTC" data-provider="dataProvider" finished-at="2021-08-25T10:50:59 UTC">
          <params>
            <param index="0">
              <value>
                <![CDATA[admin]]>
              </value>
            </param>
            <param index="1">
              <value>
                <![CDATA[gkjdfgkj1234]]>
              </value>
            </param>
          </params>
          <reporter-output>
          </reporter-output>
        </test-method> <!-- registerUnsuccess -->
      </class> <!-- testCases.RegistrationTests -->
    </test> <!-- Registration tests -->
    <test name="Privacy policy tests" duration-ms="1753" started-at="2021-08-25T10:50:59 UTC" finished-at="2021-08-25T10:51:01 UTC">
      <class name="testCases.PrivacyPolicyTests">
        <test-method status="PASS" signature="setUp()[pri:0, instance:testCases.PrivacyPolicyTests@2438dcd]" name="setUp" is-config="true" duration-ms="19925" started-at="2021-08-25T10:49:22 UTC" finished-at="2021-08-25T10:49:42 UTC">
          <reporter-output>
          </reporter-output>
        </test-method> <!-- setUp -->
        <test-method status="PASS" signature="validatePrivacyPolicyText()[pri:0, instance:testCases.PrivacyPolicyTests@2438dcd]" name="validatePrivacyPolicyText" duration-ms="1728" started-at="2021-08-25T10:50:59 UTC" finished-at="2021-08-25T10:51:01 UTC">
          <reporter-output>
          </reporter-output>
        </test-method> <!-- validatePrivacyPolicyText -->
        <test-method status="PASS" signature="tearDown()[pri:0, instance:testCases.PrivacyPolicyTests@2438dcd]" name="tearDown" is-config="true" duration-ms="631" started-at="2021-08-25T10:51:01 UTC" finished-at="2021-08-25T10:51:02 UTC">
          <reporter-output>
          </reporter-output>
        </test-method> <!-- tearDown -->
      </class> <!-- testCases.PrivacyPolicyTests -->
    </test> <!-- Privacy policy tests -->
  </suite> <!-- Functional tests -->
</testng-results>
