<?xml version="1.0" encoding="UTF-8"?>
<testsuite name="Edit Blog tests"
           tests="3"
           failures="0"
           errors="0"
           skipped="0"
           time="23.901">
  <properties />
  
  
            <testcase name="editBlogUnSuccessTakenUrl" time="6.422" classname="testCases.EditBlogTests" />
                <testcase name="editBlogSuccess" time="11.289" classname="testCases.EditBlogTests" />
                <testcase name="editBlogUnSuccessBlankField" time="6.190" classname="testCases.EditBlogTests" />
      
</testsuite>
