<?xml version="1.0" encoding="UTF-8"?>
<testsuite name="Create Blog tests"
           tests="3"
           failures="0"
           errors="0"
           skipped="0"
           time="12.859">
  <properties />
  
  
            <testcase name="createBlogSuccess" time="7.410" classname="testCases.CreateBlogTests" />
                <testcase name="createBlogUrlAlreadyTaken" time="2.262" classname="testCases.CreateBlogTests" />
                <testcase name="createBlogLeavingBlankField" time="3.187" classname="testCases.CreateBlogTests" />
      
</testsuite>
