<?xml version="1.0" encoding="UTF-8"?>
<testsuite name="Login tests"
           tests="4"
           failures="0"
           errors="0"
           skipped="0"
           time="4.196">
  <properties />
  
  
            <testcase name="successfulLogin" time="1.024" classname="testCases.LoginTests" />
                <testcase name="unsuccessfulLogin" time="0.442" classname="testCases.LoginTests" />
                <testcase name="successfulLogin" time="2.130" classname="testCases.LoginTests" />
                <testcase name="unsuccessfulLogin" time="0.600" classname="testCases.LoginTests" />
      
</testsuite>
