<?xml version="1.0" encoding="UTF-8"?>
<testsuite name="Login tests"
           tests="4"
           failures="0"
           errors="0"
           skipped="0"
           time="2.952">
  <properties />
  
  
            <testcase name="unsuccessfulLogin" time="0.366" classname="testCases.LoginTests" />
                <testcase name="successfulLogin" time="0.702" classname="testCases.LoginTests" />
                <testcase name="unsuccessfulLogin" time="0.361" classname="testCases.LoginTests" />
                <testcase name="successfulLogin" time="1.523" classname="testCases.LoginTests" />
      
</testsuite>
