<?xml version="1.0" encoding="UTF-8"?>
<testsuite name="Registration tests"
           tests="3"
           failures="0"
           errors="0"
           skipped="0"
           time="5.368">
  <properties />
  
  
            <testcase name="registerSuccess" time="2.095" classname="testCases.RegistrationTests" />
                <testcase name="registerUnsuccess" time="1.337" classname="testCases.RegistrationTests" />
                <testcase name="registerSuccess" time="1.936" classname="testCases.RegistrationTests" />
      
</testsuite>
